<?xml version="1.0" encoding="UTF-8"?>
<testsuite xmlns:xsi="http://www.w3.org/2001/XMLSchema-instance" xsi:noNamespaceSchemaLocation="https://maven.apache.org/surefire/maven-surefire-plugin/xsd/surefire-test-report.xsd" name="com.kurdestan.bootcamp.post.PostServiceTest" time="0.008" tests="2" errors="2" skipped="0" failures="0">
  <properties>
[...]
</properties>
  <testcase name="save" classname="com.kurdestan.bootcamp.post.PostServiceTest" time="0">
    <error message="Cannot invoke &quot;com.kurdestan.bootcamp.post.PostRepository.save(Object)&quot; because &quot;this.repository&quot; is null" type="java.lang.NullPointerException">java.lang.NullPointerException: Cannot invoke "com.kurdestan.bootcamp.post.PostRepository.save(Object)" because "this.repository" is null
	at com.kurdestan.bootcamp.post.PostServiceTest.save(PostServiceTest.java:44)
</error>
  </testcase>
  <testcase name="findByCarTypeTest" classname="com.kurdestan.bootcamp.post.PostServiceTest" time="0">
    <error message="Cannot invoke &quot;com.kurdestan.bootcamp.post.PostRepository.findAll()&quot; because &quot;this.repository&quot; is null" type="java.lang.NullPointerException">java.lang.NullPointerException: Cannot invoke "com.kurdestan.bootcamp.post.PostRepository.findAll()" because "this.repository" is null
	at com.kurdestan.bootcamp.post.PostServiceTest.findByCarTypeTest(PostServiceTest.java:69)
</error>
  </testcase>
</testsuite>